<?xml version="1.0" encoding="UTF-8"?>
<!-- Generated by org.testng.reporters.JUnitReportReporter -->
<testsuite hostname="DESKTOP-1M2NCUN" failures="0" tests="1" name="test.MonthDropDownTest" time="5.281" errors="0" timestamp="30 Jun 2021 00:46:51 GMT" skipped="0">
  <testcase classname="test.MonthDropDownTest" name="monthDropDownShouldHaveTwelveMonth" time="5.281"/>
</testsuite> <!-- test.MonthDropDownTest -->
