<?xml version="1.0" encoding="UTF-8"?>
<!-- Generated by org.testng.reporters.JUnitReportReporter -->
<testsuite hostname="DESKTOP-1M2NCUN" failures="0" tests="1" name="test.AddCategoryTest" time="4.747" errors="0" timestamp="30 Jun 2021 00:39:07 GMT" skipped="0">
  <testcase classname="test.AddCategoryTest" name="userShouldBeAbleToAddACategory" time="4.747"/>
</testsuite> <!-- test.AddCategoryTest -->
