<?xml version="1.0" encoding="UTF-8"?>
<!-- Generated by org.testng.reporters.JUnitReportReporter -->
<testsuite hostname="DESKTOP-1M2NCUN" failures="0" tests="1" name="test.DuplicateCategoryTest" time="4.082" errors="0" timestamp="30 Jun 2021 00:39:42 GMT" skipped="0">
  <testcase classname="test.DuplicateCategoryTest" name="userShouldBeAbleToAddACategory" time="4.082"/>
</testsuite> <!-- test.DuplicateCategoryTest -->
